[2024-11-29T09:48:09.819+0000] {local_task_job_runner.py:123} INFO - ::group::Pre task execution logs
[2024-11-29T09:48:09.827+0000] {taskinstance.py:2613} INFO - Dependencies all met for dep_context=non-requeueable deps ti=<TaskInstance: dbt_marketplace_dag.whoami manual__2024-11-29T09:48:08.416536+00:00 [queued]>
[2024-11-29T09:48:09.833+0000] {taskinstance.py:2613} INFO - Dependencies all met for dep_context=requeueable deps ti=<TaskInstance: dbt_marketplace_dag.whoami manual__2024-11-29T09:48:08.416536+00:00 [queued]>
[2024-11-29T09:48:09.835+0000] {taskinstance.py:2866} INFO - Starting attempt 1 of 1
[2024-11-29T09:48:09.846+0000] {taskinstance.py:2889} INFO - Executing <Task(BashOperator): whoami> on 2024-11-29 09:48:08.416536+00:00
[2024-11-29T09:48:09.850+0000] {warnings.py:112} WARNING - /home/***/.local/lib/python3.12/site-packages/***/task/task_runner/standard_task_runner.py:70: DeprecationWarning: This process (pid=195) is multi-threaded, use of fork() may lead to deadlocks in the child.
  pid = os.fork()

[2024-11-29T09:48:09.851+0000] {standard_task_runner.py:72} INFO - Started process 198 to run task
[2024-11-29T09:48:09.851+0000] {standard_task_runner.py:104} INFO - Running: ['***', 'tasks', 'run', 'dbt_marketplace_dag', 'whoami', 'manual__2024-11-29T09:48:08.416536+00:00', '--job-id', '5', '--raw', '--subdir', 'DAGS_FOLDER/test/test.py', '--cfg-path', '/tmp/tmprh8hax5e']
[2024-11-29T09:48:09.852+0000] {standard_task_runner.py:105} INFO - Job 5: Subtask whoami
[2024-11-29T09:48:09.904+0000] {task_command.py:467} INFO - Running <TaskInstance: dbt_marketplace_dag.whoami manual__2024-11-29T09:48:08.416536+00:00 [running]> on host e707b8403ea3
[2024-11-29T09:48:09.943+0000] {taskinstance.py:3132} INFO - Exporting env vars: AIRFLOW_CTX_DAG_OWNER='***' AIRFLOW_CTX_DAG_ID='dbt_marketplace_dag' AIRFLOW_CTX_TASK_ID='whoami' AIRFLOW_CTX_EXECUTION_DATE='2024-11-29T09:48:08.416536+00:00' AIRFLOW_CTX_TRY_NUMBER='1' AIRFLOW_CTX_DAG_RUN_ID='manual__2024-11-29T09:48:08.416536+00:00'
[2024-11-29T09:48:09.943+0000] {taskinstance.py:731} INFO - ::endgroup::
[2024-11-29T09:48:09.951+0000] {subprocess.py:78} INFO - Tmp dir root location: /tmp
[2024-11-29T09:48:09.951+0000] {subprocess.py:88} INFO - Running command: ['/usr/bin/bash', '-c', 'whoami']
[2024-11-29T09:48:09.958+0000] {subprocess.py:99} INFO - Output:
[2024-11-29T09:48:09.961+0000] {subprocess.py:106} INFO - ***
[2024-11-29T09:48:09.961+0000] {subprocess.py:110} INFO - Command exited with return code 0
[2024-11-29T09:48:09.974+0000] {taskinstance.py:340} INFO - ::group::Post task execution logs
[2024-11-29T09:48:09.975+0000] {taskinstance.py:352} INFO - Marking task as SUCCESS. dag_id=dbt_marketplace_dag, task_id=whoami, run_id=manual__2024-11-29T09:48:08.416536+00:00, execution_date=20241129T094808, start_date=20241129T094809, end_date=20241129T094809
[2024-11-29T09:48:09.992+0000] {local_task_job_runner.py:266} INFO - Task exited with return code 0
[2024-11-29T09:48:10.002+0000] {taskinstance.py:3895} INFO - 0 downstream tasks scheduled from follow-on schedule check
[2024-11-29T09:48:10.003+0000] {local_task_job_runner.py:245} INFO - ::endgroup::
